<?xml version="1.0" encoding="UTF-8"?>
<!-- Generated by org.testng.reporters.JUnitReportReporter -->
<testsuite hostname="TGC-VRGNR-175" failures="0" tests="1" name="runners.CucumberTest_testng" time="11.223" errors="0" timestamp="2025-10-10T10:01:36 IST" skipped="0">
  <testcase classname="runners.CucumberTest_testng" name="runScenario" time="11.223"/>
</testsuite> <!-- runners.CucumberTest_testng -->
